# JRE version: Java(TM) SE Runtime Environment (8.0_144-b01) (build 1.8.0_144-b01)
# Java VM: Java HotSpot(TM) 64-Bit Server VM (25.144-b01 mixed mode windows-amd64 compressed oops)
Heap:
 PSYoungGen      total 104448K, used 14919K [0x00000000d5d80000, 0x00000000dcc00000, 0x0000000100000000)
  eden space 98816K, 10% used [0x00000000d5d80000,0x00000000d67cb448,0x00000000dbe00000)
  from space 5632K, 77% used [0x00000000dc680000,0x00000000dcac6b98,0x00000000dcc00000)
  to   space 7168K, 0% used [0x00000000dbe00000,0x00000000dbe00000,0x00000000dc500000)
 ParOldGen       total 48640K, used 7666K [0x0000000081800000, 0x0000000084780000, 0x00000000d5d80000)
  object space 48640K, 15% used [0x0000000081800000,0x0000000081f7c990,0x0000000084780000)
 Metaspace       used 28182K, capacity 29900K, committed 30080K, reserved 1075200K
  class space    used 3312K, capacity 3648K, committed 3712K, reserved 1048576K
GC Heap History (10 events):
Event: 14.034 GC heap before
{Heap before GC invocations=7 (full 1):
 PSYoungGen      total 71680K, used 5106K [0x00000000d5d80000, 0x00000000da880000, 0x0000000100000000)
  eden space 66560K, 0% used [0x00000000d5d80000,0x00000000d5d80000,0x00000000d9e80000)
  from space 5120K, 99% used [0x00000000da380000,0x00000000da87c9b0,0x00000000da880000)
  to   space 5120K, 0% used [0x00000000d9e80000,0x00000000d9e80000,0x00000000da380000)
 ParOldGen       total 87552K, used 3142K [0x0000000081800000, 0x0000000086d80000, 0x00000000d5d80000)
  object space 87552K, 3% used [0x0000000081800000,0x0000000081b118c8,0x0000000086d80000)
 Metaspace       used 19839K, capacity 21214K, committed 21296K, reserved 1069056K
  class space    used 2368K, capacity 2645K, committed 2688K, reserved 1048576K
Event: 14.091 GC heap after
Heap after GC invocations=7 (full 1):
 PSYoungGen      total 71680K, used 0K [0x00000000d5d80000, 0x00000000da880000, 0x0000000100000000)
  eden space 66560K, 0% used [0x00000000d5d80000,0x00000000d5d80000,0x00000000d9e80000)
  from space 5120K, 0% used [0x00000000da380000,0x00000000da380000,0x00000000da880000)
  to   space 5120K, 0% used [0x00000000d9e80000,0x00000000d9e80000,0x00000000da380000)
 ParOldGen       total 48640K, used 6946K [0x0000000081800000, 0x0000000084780000, 0x00000000d5d80000)
  object space 48640K, 14% used [0x0000000081800000,0x0000000081ec88a8,0x0000000084780000)
 Metaspace       used 19839K, capacity 21214K, committed 21296K, reserved 1069056K
  class space    used 2368K, capacity 2645K, committed 2688K, reserved 1048576K
}
Event: 14.620 GC heap before
{Heap before GC invocations=8 (full 1):
 PSYoungGen      total 71680K, used 66560K [0x00000000d5d80000, 0x00000000da880000, 0x0000000100000000)
  eden space 66560K, 100% used [0x00000000d5d80000,0x00000000d9e80000,0x00000000d9e80000)
  from space 5120K, 0% used [0x00000000da380000,0x00000000da380000,0x00000000da880000)
  to   space 5120K, 0% used [0x00000000d9e80000,0x00000000d9e80000,0x00000000da380000)
 ParOldGen       total 48640K, used 6946K [0x0000000081800000, 0x0000000084780000, 0x00000000d5d80000)
  object space 48640K, 14% used [0x0000000081800000,0x0000000081ec88a8,0x0000000084780000)
 Metaspace       used 21664K, capacity 23134K, committed 23344K, reserved 1069056K
  class space    used 2557K, capacity 2833K, committed 2944K, reserved 1048576K
Event: 14.647 GC heap after
Heap after GC invocations=8 (full 1):
 PSYoungGen      total 71680K, used 2168K [0x00000000d5d80000, 0x00000000da880000, 0x0000000100000000)
  eden space 66560K, 0% used [0x00000000d5d80000,0x00000000d5d80000,0x00000000d9e80000)
  from space 5120K, 42% used [0x00000000d9e80000,0x00000000da09e3f8,0x00000000da380000)
  to   space 5120K, 0% used [0x00000000da380000,0x00000000da380000,0x00000000da880000)
 ParOldGen       total 48640K, used 6946K [0x0000000081800000, 0x0000000084780000, 0x00000000d5d80000)
  object space 48640K, 14% used [0x0000000081800000,0x0000000081ec88a8,0x0000000084780000)
 Metaspace       used 21664K, capacity 23134K, committed 23344K, reserved 1069056K
  class space    used 2557K, capacity 2833K, committed 2944K, reserved 1048576K
}
Event: 15.042 GC heap before
{Heap before GC invocations=9 (full 1):
 PSYoungGen      total 71680K, used 68728K [0x00000000d5d80000, 0x00000000da880000, 0x0000000100000000)
  eden space 66560K, 100% used [0x00000000d5d80000,0x00000000d9e80000,0x00000000d9e80000)
  from space 5120K, 42% used [0x00000000d9e80000,0x00000000da09e3f8,0x00000000da380000)
  to   space 5120K, 0% used [0x00000000da380000,0x00000000da380000,0x00000000da880000)
 ParOldGen       total 48640K, used 6946K [0x0000000081800000, 0x0000000084780000, 0x00000000d5d80000)
  object space 48640K, 14% used [0x0000000081800000,0x0000000081ec88a8,0x0000000084780000)
 Metaspace       used 23936K, capacity 25438K, committed 25728K, reserved 1071104K
  class space    used 2796K, capacity 3081K, committed 3200K, reserved 1048576K
Event: 15.049 GC heap after
Heap after GC invocations=9 (full 1):
 PSYoungGen      total 71680K, used 2579K [0x00000000d5d80000, 0x00000000da880000, 0x0000000100000000)
  eden space 66560K, 0% used [0x00000000d5d80000,0x00000000d5d80000,0x00000000d9e80000)
  from space 5120K, 50% used [0x00000000da380000,0x00000000da604d78,0x00000000da880000)
  to   space 5120K, 0% used [0x00000000d9e80000,0x00000000d9e80000,0x00000000da380000)
 ParOldGen       total 48640K, used 6946K [0x0000000081800000, 0x0000000084780000, 0x00000000d5d80000)
  object space 48640K, 14% used [0x0000000081800000,0x0000000081ec88a8,0x0000000084780000)
 Metaspace       used 23936K, capacity 25438K, committed 25728K, reserved 1071104K
  class space    used 2796K, capacity 3081K, committed 3200K, reserved 1048576K
}
Event: 15.572 GC heap before
{Heap before GC invocations=10 (full 1):
 PSYoungGen      total 71680K, used 69139K [0x00000000d5d80000, 0x00000000da880000, 0x0000000100000000)
  eden space 66560K, 100% used [0x00000000d5d80000,0x00000000d9e80000,0x00000000d9e80000)
  from space 5120K, 50% used [0x00000000da380000,0x00000000da604d78,0x00000000da880000)
  to   space 5120K, 0% used [0x00000000d9e80000,0x00000000d9e80000,0x00000000da380000)
 ParOldGen       total 48640K, used 6946K [0x0000000081800000, 0x0000000084780000, 0x00000000d5d80000)
  object space 48640K, 14% used [0x0000000081800000,0x0000000081ec88a8,0x0000000084780000)
 Metaspace       used 25930K, capacity 27462K, committed 27776K, reserved 1073152K
  class space    used 3043K, capacity 3345K, committed 3456K, reserved 1048576K
Event: 15.580 GC heap after
Heap after GC invocations=10 (full 1):
 PSYoungGen      total 71680K, used 3403K [0x00000000d5d80000, 0x00000000dce00000, 0x0000000100000000)
  eden space 66560K, 0% used [0x00000000d5d80000,0x00000000d5d80000,0x00000000d9e80000)
  from space 5120K, 66% used [0x00000000d9e80000,0x00000000da1d2d80,0x00000000da380000)
  to   space 7680K, 0% used [0x00000000dc680000,0x00000000dc680000,0x00000000dce00000)
 ParOldGen       total 48640K, used 6946K [0x0000000081800000, 0x0000000084780000, 0x00000000d5d80000)
  object space 48640K, 14% used [0x0000000081800000,0x0000000081ec88a8,0x0000000084780000)
 Metaspace       used 25930K, capacity 27462K, committed 27776K, reserved 1073152K
  class space    used 3043K, capacity 3345K, committed 3456K, reserved 1048576K
}
Event: 16.984 GC heap before
{Heap before GC invocations=11 (full 1):
 PSYoungGen      total 71680K, used 69963K [0x00000000d5d80000, 0x00000000dce00000, 0x0000000100000000)
  eden space 66560K, 100% used [0x00000000d5d80000,0x00000000d9e80000,0x00000000d9e80000)
  from space 5120K, 66% used [0x00000000d9e80000,0x00000000da1d2d80,0x00000000da380000)
  to   space 7680K, 0% used [0x00000000dc680000,0x00000000dc680000,0x00000000dce00000)
 ParOldGen       total 48640K, used 6946K [0x0000000081800000, 0x0000000084780000, 0x00000000d5d80000)
  object space 48640K, 14% used [0x0000000081800000,0x0000000081ec88a8,0x0000000084780000)
 Metaspace       used 27975K, capacity 29672K, committed 29824K, reserved 1075200K
  class space    used 3295K, capacity 3644K, committed 3712K, reserved 1048576K
Event: 16.993 GC heap after
Heap after GC invocations=11 (full 1):
 PSYoungGen      total 104448K, used 4378K [0x00000000d5d80000, 0x00000000dcc00000, 0x0000000100000000)
  eden space 98816K, 0% used [0x00000000d5d80000,0x00000000d5d80000,0x00000000dbe00000)
  from space 5632K, 77% used [0x00000000dc680000,0x00000000dcac6b98,0x00000000dcc00000)
  to   space 7168K, 0% used [0x00000000dbe00000,0x00000000dbe00000,0x00000000dc500000)
 ParOldGen       total 48640K, used 7666K [0x0000000081800000, 0x0000000084780000, 0x00000000d5d80000)
  object space 48640K, 15% used [0x0000000081800000,0x0000000081f7c990,0x0000000084780000)
 Metaspace       used 27975K, capacity 29672K, committed 29824K, reserved 1075200K
  class space    used 3295K, capacity 3644K, committed 3712K, reserved 1048576K
}

